<?xml version="1.0" encoding="UTF-8" ?>
<testsuite tests="1" failures="0" name="violet.jpa.JPARatingAverageTest" time="2.196" errors="0" skipped="0">
  <properties>
    <property name="java.runtime.name" value="Java(TM) SE Runtime Environment"/>
    <property name="sun.boot.library.path" value="C:\Program Files\Java\jdk1.8.0_121\jre\bin"/>
    <property name="java.vm.version" value="25.121-b13"/>
    <property name="java.vm.vendor" value="Oracle Corporation"/>
    <property name="java.vendor.url" value="http://java.oracle.com/"/>
    <property name="path.separator" value=";"/>
    <property name="java.vm.name" value="Java HotSpot(TM) 64-Bit Server VM"/>
    <property name="file.encoding.pkg" value="sun.io"/>
    <property name="user.script" value=""/>
    <property name="user.country" value="AU"/>
    <property name="sun.java.launcher" value="SUN_STANDARD"/>
    <property name="sun.os.patch.level" value=""/>
    <property name="java.vm.specification.name" value="Java Virtual Machine Specification"/>
    <property name="user.dir" value="C:\Users\jhasha\Desktop\ITC309\ITC303-somer\ITC303-somer\main"/>
    <property name="java.runtime.version" value="1.8.0_121-b13"/>
    <property name="java.awt.graphicsenv" value="sun.awt.Win32GraphicsEnvironment"/>
    <property name="basedir" value="C:\Users\jhasha\Desktop\ITC309\ITC303-somer\ITC303-somer\main"/>
    <property name="java.endorsed.dirs" value="C:\Program Files\Java\jdk1.8.0_121\jre\lib\endorsed"/>
    <property name="os.arch" value="amd64"/>
    <property name="surefire.real.class.path" value="C:\Users\jhasha\Desktop\ITC309\ITC303-somer\ITC303-somer\main\target\surefire\surefirebooter513009262895905796.jar"/>
    <property name="java.io.tmpdir" value="C:\Users\jhasha\AppData\Local\Temp\"/>
    <property name="line.separator" value="
"/>
    <property name="java.vm.specification.vendor" value="Oracle Corporation"/>
    <property name="user.variant" value=""/>
    <property name="os.name" value="Windows 10"/>
    <property name="sun.jnu.encoding" value="Cp1252"/>
    <property name="java.library.path" value="C:\Program Files\Java\jdk1.8.0_121\jre\bin;C:\windows\Sun\Java\bin;C:\windows\system32;C:\windows;C:/Program Files/Java/jdk1.8.0_121/jre/bin/server;C:/Program Files/Java/jdk1.8.0_121/jre/bin;C:/Program Files/Java/jdk1.8.0_121/jre/lib/amd64;C:\Program Files\Docker\Docker\Resources\bin;C:\ProgramData\Oracle\Java\javapath;C:\Program Files (x86)\Intel\iCLS Client\;C:\Program Files\Intel\iCLS Client\;C:\Program Files\RA2HP\;C:\windows\system32;C:\windows;C:\windows\System32\Wbem;C:\windows\System32\WindowsPowerShell\v1.0\;C:\Program Files (x86)\Intel\Intel(R) Management Engine Components\DAL;C:\Program Files\Intel\Intel(R) Management Engine Components\DAL;C:\Program Files (x86)\Intel\Intel(R) Management Engine Components\IPT;C:\Program Files\Intel\Intel(R) Management Engine Components\IPT;C:\Program Files\Intel\WiFi\bin\;C:\Program Files\Common Files\Intel\WirelessCommon\;C:\Program Files (x86)\Skype\Phone\;C:\Users\jhasha\Documents\Programming\apache-maven-3.5.0\bin;C:\Program Files\Intel\WiFi\bin\;C:\Program Files\Common Files\Intel\WirelessCommon\;C:\Users\jhasha\Documents\Programming\apache-maven-3.5.0\bin;C:\Users\jhasha\eclipse\java-neon\eclipse;;."/>
    <property name="surefire.test.class.path" value="C:\Users\jhasha\Desktop\ITC309\ITC303-somer\ITC303-somer\main\target\test-classes;C:\Users\jhasha\Desktop\ITC309\ITC303-somer\ITC303-somer\main\target\classes;C:\Users\jhasha\.m2\repository\com\sun\faces\jsf-api\2.2.14\jsf-api-2.2.14.jar;C:\Users\jhasha\.m2\repository\com\sun\faces\jsf-impl\2.2.14\jsf-impl-2.2.14.jar;C:\Users\jhasha\.m2\repository\org\postgresql\postgresql\9.4.1212.jre7\postgresql-9.4.1212.jre7.jar;C:\Users\jhasha\.m2\repository\org\mindrot\jbcrypt\0.4\jbcrypt-0.4.jar;C:\Users\jhasha\.m2\repository\org\eclipse\persistence\javax.persistence\2.1.1\javax.persistence-2.1.1.jar;C:\Users\jhasha\.m2\repository\org\eclipse\persistence\eclipselink\2.6.4\eclipselink-2.6.4.jar;C:\Users\jhasha\.m2\repository\org\eclipse\persistence\commonj.sdo\2.1.1\commonj.sdo-2.1.1.jar;C:\Users\jhasha\.m2\repository\javax\validation\validation-api\1.1.0.Final\validation-api-1.1.0.Final.jar;C:\Users\jhasha\.m2\repository\org\glassfish\javax.json\1.0.4\javax.json-1.0.4.jar;C:\Users\jhasha\.m2\repository\org\primefaces\primefaces\6.1\primefaces-6.1.jar;C:\Users\jhasha\.m2\repository\javax\servlet\jstl\1.2\jstl-1.2.jar;C:\Users\jhasha\.m2\repository\org\quartz-scheduler\quartz\2.1.0\quartz-2.1.0.jar;C:\Users\jhasha\.m2\repository\c3p0\c3p0\0.9.1.1\c3p0-0.9.1.1.jar;C:\Users\jhasha\.m2\repository\org\slf4j\slf4j-api\1.6.1\slf4j-api-1.6.1.jar;C:\Users\jhasha\.m2\repository\javax\transaction\jta\1.1\jta-1.1.jar;C:\Users\jhasha\.m2\repository\javax\servlet\javax.servlet-api\3.1.0\javax.servlet-api-3.1.0.jar;C:\Users\jhasha\.m2\repository\javax\javaee-web-api\7.0\javaee-web-api-7.0.jar;C:\Users\jhasha\.m2\repository\org\apache\tika\tika-core\1.14\tika-core-1.14.jar;C:\Users\jhasha\.m2\repository\org\ocpsoft\rewrite\rewrite-servlet\3.4.1.Final\rewrite-servlet-3.4.1.Final.jar;C:\Users\jhasha\.m2\repository\org\ocpsoft\rewrite\rewrite-config-prettyfaces\3.4.1.Final\rewrite-config-prettyfaces-3.4.1.Final.jar;C:\Users\jhasha\.m2\repository\org\ocpsoft\rewrite\rewrite-integration-faces\3.4.1.Final\rewrite-integration-faces-3.4.1.Final.jar;C:\Users\jhasha\.m2\repository\junit\junit\4.12\junit-4.12.jar;C:\Users\jhasha\.m2\repository\org\hamcrest\hamcrest-core\1.3\hamcrest-core-1.3.jar;C:\Users\jhasha\.m2\repository\com\h2database\h2\1.4.196\h2-1.4.196.jar;"/>
    <property name="java.specification.name" value="Java Platform API Specification"/>
    <property name="java.class.version" value="52.0"/>
    <property name="sun.management.compiler" value="HotSpot 64-Bit Tiered Compilers"/>
    <property name="os.version" value="10.0"/>
    <property name="user.home" value="C:\Users\jhasha"/>
    <property name="user.timezone" value="Australia/Sydney"/>
    <property name="java.awt.printerjob" value="sun.awt.windows.WPrinterJob"/>
    <property name="java.specification.version" value="1.8"/>
    <property name="file.encoding" value="Cp1252"/>
    <property name="user.name" value="jhasha"/>
    <property name="java.class.path" value="C:\Users\jhasha\Desktop\ITC309\ITC303-somer\ITC303-somer\main\target\test-classes;C:\Users\jhasha\Desktop\ITC309\ITC303-somer\ITC303-somer\main\target\classes;C:\Users\jhasha\.m2\repository\com\sun\faces\jsf-api\2.2.14\jsf-api-2.2.14.jar;C:\Users\jhasha\.m2\repository\com\sun\faces\jsf-impl\2.2.14\jsf-impl-2.2.14.jar;C:\Users\jhasha\.m2\repository\org\postgresql\postgresql\9.4.1212.jre7\postgresql-9.4.1212.jre7.jar;C:\Users\jhasha\.m2\repository\org\mindrot\jbcrypt\0.4\jbcrypt-0.4.jar;C:\Users\jhasha\.m2\repository\org\eclipse\persistence\javax.persistence\2.1.1\javax.persistence-2.1.1.jar;C:\Users\jhasha\.m2\repository\org\eclipse\persistence\eclipselink\2.6.4\eclipselink-2.6.4.jar;C:\Users\jhasha\.m2\repository\org\eclipse\persistence\commonj.sdo\2.1.1\commonj.sdo-2.1.1.jar;C:\Users\jhasha\.m2\repository\javax\validation\validation-api\1.1.0.Final\validation-api-1.1.0.Final.jar;C:\Users\jhasha\.m2\repository\org\glassfish\javax.json\1.0.4\javax.json-1.0.4.jar;C:\Users\jhasha\.m2\repository\org\primefaces\primefaces\6.1\primefaces-6.1.jar;C:\Users\jhasha\.m2\repository\javax\servlet\jstl\1.2\jstl-1.2.jar;C:\Users\jhasha\.m2\repository\org\quartz-scheduler\quartz\2.1.0\quartz-2.1.0.jar;C:\Users\jhasha\.m2\repository\c3p0\c3p0\0.9.1.1\c3p0-0.9.1.1.jar;C:\Users\jhasha\.m2\repository\org\slf4j\slf4j-api\1.6.1\slf4j-api-1.6.1.jar;C:\Users\jhasha\.m2\repository\javax\transaction\jta\1.1\jta-1.1.jar;C:\Users\jhasha\.m2\repository\javax\servlet\javax.servlet-api\3.1.0\javax.servlet-api-3.1.0.jar;C:\Users\jhasha\.m2\repository\javax\javaee-web-api\7.0\javaee-web-api-7.0.jar;C:\Users\jhasha\.m2\repository\org\apache\tika\tika-core\1.14\tika-core-1.14.jar;C:\Users\jhasha\.m2\repository\org\ocpsoft\rewrite\rewrite-servlet\3.4.1.Final\rewrite-servlet-3.4.1.Final.jar;C:\Users\jhasha\.m2\repository\org\ocpsoft\rewrite\rewrite-config-prettyfaces\3.4.1.Final\rewrite-config-prettyfaces-3.4.1.Final.jar;C:\Users\jhasha\.m2\repository\org\ocpsoft\rewrite\rewrite-integration-faces\3.4.1.Final\rewrite-integration-faces-3.4.1.Final.jar;C:\Users\jhasha\.m2\repository\junit\junit\4.12\junit-4.12.jar;C:\Users\jhasha\.m2\repository\org\hamcrest\hamcrest-core\1.3\hamcrest-core-1.3.jar;C:\Users\jhasha\.m2\repository\com\h2database\h2\1.4.196\h2-1.4.196.jar;"/>
    <property name="java.vm.specification.version" value="1.8"/>
    <property name="sun.arch.data.model" value="64"/>
    <property name="java.home" value="C:\Program Files\Java\jdk1.8.0_121\jre"/>
    <property name="sun.java.command" value="C:\Users\jhasha\Desktop\ITC309\ITC303-somer\ITC303-somer\main\target\surefire\surefirebooter513009262895905796.jar C:\Users\jhasha\Desktop\ITC309\ITC303-somer\ITC303-somer\main\target\surefire\surefire1339391881155511767tmp C:\Users\jhasha\Desktop\ITC309\ITC303-somer\ITC303-somer\main\target\surefire\surefire2003542563496945147tmp"/>
    <property name="java.specification.vendor" value="Oracle Corporation"/>
    <property name="user.language" value="en"/>
    <property name="awt.toolkit" value="sun.awt.windows.WToolkit"/>
    <property name="java.vm.info" value="mixed mode"/>
    <property name="java.version" value="1.8.0_121"/>
    <property name="java.ext.dirs" value="C:\Program Files\Java\jdk1.8.0_121\jre\lib\ext;C:\windows\Sun\Java\lib\ext"/>
    <property name="sun.boot.class.path" value="C:\Program Files\Java\jdk1.8.0_121\jre\lib\resources.jar;C:\Program Files\Java\jdk1.8.0_121\jre\lib\rt.jar;C:\Program Files\Java\jdk1.8.0_121\jre\lib\sunrsasign.jar;C:\Program Files\Java\jdk1.8.0_121\jre\lib\jsse.jar;C:\Program Files\Java\jdk1.8.0_121\jre\lib\jce.jar;C:\Program Files\Java\jdk1.8.0_121\jre\lib\charsets.jar;C:\Program Files\Java\jdk1.8.0_121\jre\lib\jfr.jar;C:\Program Files\Java\jdk1.8.0_121\jre\classes"/>
    <property name="java.vendor" value="Oracle Corporation"/>
    <property name="localRepository" value="C:\Users\jhasha\.m2\repository"/>
    <property name="file.separator" value="\"/>
    <property name="java.vendor.url.bug" value="http://bugreport.sun.com/bugreport/"/>
    <property name="sun.cpu.endian" value="little"/>
    <property name="sun.io.unicode.encoding" value="UnicodeLittle"/>
    <property name="sun.desktop" value="windows"/>
    <property name="sun.cpu.isalist" value="amd64"/>
  </properties>
  <testcase classname="violet.jpa.JPARatingAverageTest" name="checkAverages" time="0.979"/>
</testsuite>